Validation report for cdif.bbr.metadata.profiles.CDIFxas - X-ray absorbtion spectroscopy (Xas) CDIF profile
Generated 2026-02-15T00:37:43.095657+00:00
=== Files ===
Using exampleCDIFxas.json from examples
=== End Files ===

=== Unknown errors ===

** Validation error **
Traceback (most recent call last):
,  File "/src/ogc/bblocks/validation/json_.py", line 189, in validate
    validate_json(json_doc, schema_validator)
,  File "/src/ogc/bblocks/validation/json_.py", line 41, in validate_json
    error = jsonschema.exceptions.best_match(validator.iter_errors(instance))
,  File "/venv/lib/python3.10/site-packages/jsonschema/exceptions.py", line 384, in best_match
    best = next(errors, None)
,  File "/venv/lib/python3.10/site-packages/jsonschema/validators.py", line 288, in iter_errors
    for error in errors:
,  File "/venv/lib/python3.10/site-packages/jsonschema/_validators.py", line 362, in allOf
    yield from validator.descend(instance, subschema, schema_path=index)
,  File "/venv/lib/python3.10/site-packages/jsonschema/validators.py", line 305, in descend
    for error in self.evolve(schema=schema).iter_errors(instance):
,  File "/venv/lib/python3.10/site-packages/jsonschema/validators.py", line 288, in iter_errors
    for error in errors:
,  File "/venv/lib/python3.10/site-packages/jsonschema/_validators.py", line 298, in ref
    yield from validator.descend(instance, resolved)
,  File "/venv/lib/python3.10/site-packages/jsonschema/validators.py", line 305, in descend
    for error in self.evolve(schema=schema).iter_errors(instance):
,  File "/venv/lib/python3.10/site-packages/jsonschema/validators.py", line 288, in iter_errors
    for error in errors:
,  File "/venv/lib/python3.10/site-packages/jsonschema/_validators.py", line 362, in allOf
    yield from validator.descend(instance, subschema, schema_path=index)
,  File "/venv/lib/python3.10/site-packages/jsonschema/validators.py", line 305, in descend
    for error in self.evolve(schema=schema).iter_errors(instance):
,  File "/venv/lib/python3.10/site-packages/jsonschema/validators.py", line 288, in iter_errors
    for error in errors:
,  File "/venv/lib/python3.10/site-packages/jsonschema/_validators.py", line 332, in properties
    yield from validator.descend(
,  File "/venv/lib/python3.10/site-packages/jsonschema/validators.py", line 305, in descend
    for error in self.evolve(schema=schema).iter_errors(instance):
,  File "/venv/lib/python3.10/site-packages/jsonschema/validators.py", line 288, in iter_errors
    for error in errors:
,  File "/venv/lib/python3.10/site-packages/jsonschema/_validators.py", line 298, in ref
    yield from validator.descend(instance, resolved)
,  File "/venv/lib/python3.10/site-packages/jsonschema/validators.py", line 305, in descend
    for error in self.evolve(schema=schema).iter_errors(instance):
,  File "/venv/lib/python3.10/site-packages/jsonschema/validators.py", line 288, in iter_errors
    for error in errors:
,  File "/venv/lib/python3.10/site-packages/jsonschema/_validators.py", line 298, in ref
    yield from validator.descend(instance, resolved)
,  File "/venv/lib/python3.10/site-packages/jsonschema/validators.py", line 305, in descend
    for error in self.evolve(schema=schema).iter_errors(instance):
,  File "/venv/lib/python3.10/site-packages/jsonschema/validators.py", line 278, in iter_errors
    scope = id_of(_schema)
,  File "/venv/lib/python3.10/site-packages/jsonschema/validators.py", line 101, in _id_of
    return schema.get("$id", "")
,AttributeError: 'str' object has no attribute 'get'
,
During handling of the above exception, another exception occurred:

,Traceback (most recent call last):
,  File "/src/ogc/bblocks/validate.py", line 197, in _validate_resource
    result = validator.validate(filename, output_filename, report,
,  File "/src/ogc/bblocks/validation/json_.py", line 212, in validate
    'errorMessage': e.message,
,AttributeError: 'AttributeError' object has no attribute 'message'

=== End Unknown errors ===

